1 1 0 4.4852 
2 1 0 4.5286 
3 1 0 4.5317 
4 1 0 4.5087 
5 1 0 4.4478 
6 1 0 4.5234 
7 1 0 4.4925 
8 1 0 4.4884 
9 1 0 4.3776 
10 1 0 4.4904 
11 1 0 4.4815 
12 1 0 4.4746 
13 1 0 3.9768 
14 1 0 4.4259 
15 1 0 4.3381 
16 1 0 4.2657 
17 1 0 3.9904 
18 1 0 4.2509 
19 1 0 4.2711 
1 1 0 4.4852 
2 1 0 4.5286 
3 1 0 4.5317 
4 1 0 4.5087 
5 1 0 4.4478 
6 1 0 4.5234 
7 1 0 4.4925 
8 1 0 4.4884 
9 1 0 4.3776 
10 1 0 4.4904 
11 1 0 4.4815 
12 1 0 4.4746 
13 1 0 3.9768 
14 1 0 4.4259 
15 1 0 4.3381 
16 1 0 4.2657 
17 1 0 3.9904 
18 1 0 4.2509 
19 1 0 4.2711 
1 1 0 4.4852 
2 1 0 4.5286 
3 1 0 4.5317 
4 1 0 4.5087 
5 1 0 4.4478 
6 1 0 4.5234 
7 1 0 4.4925 
8 1 0 4.4884 
9 1 0 4.3776 
10 1 0 4.4904 
11 1 0 4.4815 
12 1 0 4.4746 
13 1 0 3.9768 
14 1 0 4.4259 
15 1 0 4.3381 
16 1 0 4.2657 
17 1 0 3.9904 
18 1 0 4.2509 
19 1 0 4.2711 
1 1 0 4.4852 
2 1 0 4.5286 
3 1 0 4.5317 
4 1 0 4.5087 
5 1 0 4.4478 
6 1 0 4.5234 
7 1 0 4.4925 
8 1 0 4.4884 
9 1 0 4.3776 
10 1 0 4.4904 
11 1 0 4.4815 
12 1 0 4.4746 
13 1 0 3.9768 
14 1 0 4.4259 
15 1 0 4.3381 
16 1 0 4.2657 
17 1 0 3.9904 
18 1 0 4.2509 
19 1 0 4.2711 
1 1 1 1.5000 
2 1 1 2.0000 
3 1 1 2.5000 
4 1 1 3.0000 
5 1 1 3.5000 
6 1 1 4.0000 
7 1 1 4.5000 
8 1 1 4.5007 
9 1 1 4.4869 
10 1 1 4.5044 
11 1 1 4.4997 
12 1 1 4.4940 
13 1 1 4.4380 
14 1 1 4.4358 
15 1 1 4.4173 
16 1 1 4.3944 
17 1 1 4.3431 
18 1 1 4.3303 
19 1 1 4.2927 
1 1 1 1.5000 
2 1 1 2.0000 
3 1 1 2.5000 
4 1 1 3.0000 
5 1 1 3.5000 
6 1 1 4.0000 
7 1 1 4.5000 
8 1 1 4.5007 
9 1 1 4.4869 
10 1 1 4.5044 
11 1 1 4.4997 
12 1 1 4.4940 
13 1 1 4.4380 
14 1 1 4.4358 
15 1 1 4.4173 
16 1 1 4.3944 
17 1 1 4.3431 
18 1 1 4.3303 
19 1 1 4.2927 
1 1 1 1.5000 
2 1 1 2.0000 
3 1 1 2.5000 
4 1 1 3.0000 
1 1 1 1.5000 
2 1 1 2.0000 
3 1 1 2.5000 
4 1 1 3.0000 
