C:\USERS\CHELUS\DESKTOP\HM16.0\BIN\VC10\WIN32\RELEASE\TAPPENCODER.EXE
C:\USERS\CHELUS\DESKTOP\HM16.0\BIN\VC10\WIN32\RELEASE\TAPPENCODER.PDB
C:\USERS\CHELUS\DESKTOP\HM16.0\BUILD\VC10\WIN32\RELEASE\TAPPENCODER\ENCMAIN.OBJ
C:\USERS\CHELUS\DESKTOP\HM16.0\BUILD\VC10\WIN32\RELEASE\TAPPENCODER\TAPPENCCFG.OBJ
C:\USERS\CHELUS\DESKTOP\HM16.0\BUILD\VC10\WIN32\RELEASE\TAPPENCODER\TAPPENCODER.EXE.INTERMEDIATE.MANIFEST
C:\USERS\CHELUS\DESKTOP\HM16.0\BUILD\VC10\WIN32\RELEASE\TAPPENCODER\TAPPENCTOP.OBJ
C:\USERS\CHELUS\DESKTOP\HM16.0\BUILD\VC10\WIN32\RELEASE\TAPPENCODER\VC100.PDB
C:\USERS\CHELUS\DESKTOP\HM16.0_ALGORITMO\BIN\VC10\WIN32\RELEASE\TAPPENCODER.EXE
C:\USERS\CHELUS\DESKTOP\HM16.0_ALGORITMO\BIN\VC10\WIN32\RELEASE\TAPPENCODER.PDB
C:\Users\Chelus\Desktop\HM16.0_Algoritmo\build\\..\bin\vc10\Win32\Release\TAppEncoder.exe
C:\Users\Chelus\Desktop\HM16.0_Algoritmo\build\\..\bin\vc10\Win32\Release\TAppEncoder.pdb
C:\Users\Chelus\Desktop\HM16.0_Algoritmo\build\vc10\Win32\Release\TAppEncoder\cl.command.1.tlog
C:\Users\Chelus\Desktop\HM16.0_Algoritmo\build\vc10\Win32\Release\TAppEncoder\CL.read.1.tlog
C:\Users\Chelus\Desktop\HM16.0_Algoritmo\build\vc10\Win32\Release\TAppEncoder\CL.write.1.tlog
C:\USERS\CHELUS\DESKTOP\HM16.0_ALGORITMO\BUILD\VC10\WIN32\RELEASE\TAPPENCODER\ENCMAIN.OBJ
C:\Users\Chelus\Desktop\HM16.0_Algoritmo\build\vc10\Win32\Release\TAppEncoder\link.command.1.tlog
C:\Users\Chelus\Desktop\HM16.0_Algoritmo\build\vc10\Win32\Release\TAppEncoder\link.read.1.tlog
C:\Users\Chelus\Desktop\HM16.0_Algoritmo\build\vc10\Win32\Release\TAppEncoder\link.write.1.tlog
C:\Users\Chelus\Desktop\HM16.0_Algoritmo\build\vc10\Win32\Release\TAppEncoder\mt.command.1.tlog
C:\Users\Chelus\Desktop\HM16.0_Algoritmo\build\vc10\Win32\Release\TAppEncoder\mt.read.1.tlog
C:\Users\Chelus\Desktop\HM16.0_Algoritmo\build\vc10\Win32\Release\TAppEncoder\mt.write.1.tlog
C:\USERS\CHELUS\DESKTOP\HM16.0_ALGORITMO\BUILD\VC10\WIN32\RELEASE\TAPPENCODER\TAPPENCCFG.OBJ
C:\USERS\CHELUS\DESKTOP\HM16.0_ALGORITMO\BUILD\VC10\WIN32\RELEASE\TAPPENCODER\TAPPENCODER.EXE.INTERMEDIATE.MANIFEST
C:\Users\Chelus\Desktop\HM16.0_Algoritmo\build\vc10\Win32\Release\TAppEncoder\TAppEncoder.write.1.tlog
C:\USERS\CHELUS\DESKTOP\HM16.0_ALGORITMO\BUILD\VC10\WIN32\RELEASE\TAPPENCODER\TAPPENCTOP.OBJ
C:\USERS\CHELUS\DESKTOP\HM16.0_ALGORITMO\BUILD\VC10\WIN32\RELEASE\TAPPENCODER\VC100.PDB
