C:\USERS\CHELUS\DESKTOP\HM16.0\BUILD\VC10\WIN32\RELEASE\TLIBENCODER\NALWRITE.OBJ
C:\USERS\CHELUS\DESKTOP\HM16.0\BUILD\VC10\WIN32\RELEASE\TLIBENCODER\SEIWRITE.OBJ
C:\USERS\CHELUS\DESKTOP\HM16.0\BUILD\VC10\WIN32\RELEASE\TLIBENCODER\SYNTAXELEMENTWRITER.OBJ
C:\USERS\CHELUS\DESKTOP\HM16.0\BUILD\VC10\WIN32\RELEASE\TLIBENCODER\TENCANALYZE.OBJ
C:\USERS\CHELUS\DESKTOP\HM16.0\BUILD\VC10\WIN32\RELEASE\TLIBENCODER\TENCBINCODERCABAC.OBJ
C:\USERS\CHELUS\DESKTOP\HM16.0\BUILD\VC10\WIN32\RELEASE\TLIBENCODER\TENCBINCODERCABACCOUNTER.OBJ
C:\USERS\CHELUS\DESKTOP\HM16.0\BUILD\VC10\WIN32\RELEASE\TLIBENCODER\TENCCAVLC.OBJ
C:\USERS\CHELUS\DESKTOP\HM16.0\BUILD\VC10\WIN32\RELEASE\TLIBENCODER\TENCCU.OBJ
C:\USERS\CHELUS\DESKTOP\HM16.0\BUILD\VC10\WIN32\RELEASE\TLIBENCODER\TENCENTROPY.OBJ
C:\USERS\CHELUS\DESKTOP\HM16.0\BUILD\VC10\WIN32\RELEASE\TLIBENCODER\TENCGOP.OBJ
C:\USERS\CHELUS\DESKTOP\HM16.0\BUILD\VC10\WIN32\RELEASE\TLIBENCODER\TENCPIC.OBJ
C:\USERS\CHELUS\DESKTOP\HM16.0\BUILD\VC10\WIN32\RELEASE\TLIBENCODER\TENCPREANALYZER.OBJ
C:\USERS\CHELUS\DESKTOP\HM16.0\BUILD\VC10\WIN32\RELEASE\TLIBENCODER\TENCRATECTRL.OBJ
C:\USERS\CHELUS\DESKTOP\HM16.0\BUILD\VC10\WIN32\RELEASE\TLIBENCODER\TENCSAMPLEADAPTIVEOFFSET.OBJ
C:\USERS\CHELUS\DESKTOP\HM16.0\BUILD\VC10\WIN32\RELEASE\TLIBENCODER\TENCSBAC.OBJ
C:\USERS\CHELUS\DESKTOP\HM16.0\BUILD\VC10\WIN32\RELEASE\TLIBENCODER\TENCSEARCH.OBJ
C:\USERS\CHELUS\DESKTOP\HM16.0\BUILD\VC10\WIN32\RELEASE\TLIBENCODER\TENCSLICE.OBJ
C:\USERS\CHELUS\DESKTOP\HM16.0\BUILD\VC10\WIN32\RELEASE\TLIBENCODER\TENCTOP.OBJ
C:\USERS\CHELUS\DESKTOP\HM16.0\BUILD\VC10\WIN32\RELEASE\TLIBENCODER\TLIBENCODER.LIB
C:\USERS\CHELUS\DESKTOP\HM16.0\BUILD\VC10\WIN32\RELEASE\TLIBENCODER\VC100.PDB
C:\USERS\CHELUS\DESKTOP\HM16.0\BUILD\VC10\WIN32\RELEASE\TLIBENCODER\WEIGHTPREDANALYSIS.OBJ
C:\Users\Chelus\Desktop\HM16.0_Algoritmo\build\\vc10\Win32\Release\TLibEncoder\TLibEncoder.lib
C:\Users\Chelus\Desktop\HM16.0_Algoritmo\build\vc10\Win32\Release\TLibEncoder\cl.command.1.tlog
C:\Users\Chelus\Desktop\HM16.0_Algoritmo\build\vc10\Win32\Release\TLibEncoder\CL.read.1.tlog
C:\Users\Chelus\Desktop\HM16.0_Algoritmo\build\vc10\Win32\Release\TLibEncoder\CL.write.1.tlog
C:\Users\Chelus\Desktop\HM16.0_Algoritmo\build\vc10\Win32\Release\TLibEncoder\lib.command.1.tlog
C:\Users\Chelus\Desktop\HM16.0_Algoritmo\build\vc10\Win32\Release\TLibEncoder\Lib-link.read.1.tlog
C:\Users\Chelus\Desktop\HM16.0_Algoritmo\build\vc10\Win32\Release\TLibEncoder\Lib-link.write.1.tlog
C:\USERS\CHELUS\DESKTOP\HM16.0_ALGORITMO\BUILD\VC10\WIN32\RELEASE\TLIBENCODER\NALWRITE.OBJ
C:\USERS\CHELUS\DESKTOP\HM16.0_ALGORITMO\BUILD\VC10\WIN32\RELEASE\TLIBENCODER\SEIWRITE.OBJ
C:\USERS\CHELUS\DESKTOP\HM16.0_ALGORITMO\BUILD\VC10\WIN32\RELEASE\TLIBENCODER\SYNTAXELEMENTWRITER.OBJ
C:\USERS\CHELUS\DESKTOP\HM16.0_ALGORITMO\BUILD\VC10\WIN32\RELEASE\TLIBENCODER\TENCANALYZE.OBJ
C:\USERS\CHELUS\DESKTOP\HM16.0_ALGORITMO\BUILD\VC10\WIN32\RELEASE\TLIBENCODER\TENCBINCODERCABAC.OBJ
C:\USERS\CHELUS\DESKTOP\HM16.0_ALGORITMO\BUILD\VC10\WIN32\RELEASE\TLIBENCODER\TENCBINCODERCABACCOUNTER.OBJ
C:\USERS\CHELUS\DESKTOP\HM16.0_ALGORITMO\BUILD\VC10\WIN32\RELEASE\TLIBENCODER\TENCCAVLC.OBJ
C:\USERS\CHELUS\DESKTOP\HM16.0_ALGORITMO\BUILD\VC10\WIN32\RELEASE\TLIBENCODER\TENCCU.OBJ
C:\USERS\CHELUS\DESKTOP\HM16.0_ALGORITMO\BUILD\VC10\WIN32\RELEASE\TLIBENCODER\TENCENTROPY.OBJ
C:\USERS\CHELUS\DESKTOP\HM16.0_ALGORITMO\BUILD\VC10\WIN32\RELEASE\TLIBENCODER\TENCGOP.OBJ
C:\USERS\CHELUS\DESKTOP\HM16.0_ALGORITMO\BUILD\VC10\WIN32\RELEASE\TLIBENCODER\TENCPIC.OBJ
C:\USERS\CHELUS\DESKTOP\HM16.0_ALGORITMO\BUILD\VC10\WIN32\RELEASE\TLIBENCODER\TENCPREANALYZER.OBJ
C:\USERS\CHELUS\DESKTOP\HM16.0_ALGORITMO\BUILD\VC10\WIN32\RELEASE\TLIBENCODER\TENCRATECTRL.OBJ
C:\USERS\CHELUS\DESKTOP\HM16.0_ALGORITMO\BUILD\VC10\WIN32\RELEASE\TLIBENCODER\TENCSAMPLEADAPTIVEOFFSET.OBJ
C:\USERS\CHELUS\DESKTOP\HM16.0_ALGORITMO\BUILD\VC10\WIN32\RELEASE\TLIBENCODER\TENCSBAC.OBJ
C:\USERS\CHELUS\DESKTOP\HM16.0_ALGORITMO\BUILD\VC10\WIN32\RELEASE\TLIBENCODER\TENCSEARCH.OBJ
C:\USERS\CHELUS\DESKTOP\HM16.0_ALGORITMO\BUILD\VC10\WIN32\RELEASE\TLIBENCODER\TENCSLICE.OBJ
C:\USERS\CHELUS\DESKTOP\HM16.0_ALGORITMO\BUILD\VC10\WIN32\RELEASE\TLIBENCODER\TENCTOP.OBJ
C:\USERS\CHELUS\DESKTOP\HM16.0_ALGORITMO\BUILD\VC10\WIN32\RELEASE\TLIBENCODER\TLIBENCODER.LIB
C:\USERS\CHELUS\DESKTOP\HM16.0_ALGORITMO\BUILD\VC10\WIN32\RELEASE\TLIBENCODER\VC100.PDB
C:\USERS\CHELUS\DESKTOP\HM16.0_ALGORITMO\BUILD\VC10\WIN32\RELEASE\TLIBENCODER\WEIGHTPREDANALYSIS.OBJ
