C:\USERS\CHELUS\DESKTOP\HM16.0\BIN\VC10\WIN32\RELEASE\TAPPDECODERANALYSER.EXE
C:\USERS\CHELUS\DESKTOP\HM16.0\BIN\VC10\WIN32\RELEASE\TAPPDECODERANALYSER.PDB
C:\USERS\CHELUS\DESKTOP\HM16.0\BUILD\VC10\WIN32\RELEASE\TAPPDECODERANALYSER\DECMAIN.OBJ
C:\USERS\CHELUS\DESKTOP\HM16.0\BUILD\VC10\WIN32\RELEASE\TAPPDECODERANALYSER\TAPPDECCFG.OBJ
C:\USERS\CHELUS\DESKTOP\HM16.0\BUILD\VC10\WIN32\RELEASE\TAPPDECODERANALYSER\TAPPDECODERANALYSER.EXE.INTERMEDIATE.MANIFEST
C:\USERS\CHELUS\DESKTOP\HM16.0\BUILD\VC10\WIN32\RELEASE\TAPPDECODERANALYSER\TAPPDECTOP.OBJ
C:\USERS\CHELUS\DESKTOP\HM16.0\BUILD\VC10\WIN32\RELEASE\TAPPDECODERANALYSER\VC100.PDB
C:\Users\Chelus\Desktop\HM16.0_Algoritmo\build\\..\bin\vc10\Win32\Release\TAppDecoderAnalyser.exe
C:\Users\Chelus\Desktop\HM16.0_Algoritmo\build\\..\bin\vc10\Win32\Release\TAppDecoderAnalyser.pdb
C:\Users\Chelus\Desktop\HM16.0_Algoritmo\build\vc10\Win32\Release\TAppDecoderAnalyser\cl.command.1.tlog
C:\Users\Chelus\Desktop\HM16.0_Algoritmo\build\vc10\Win32\Release\TAppDecoderAnalyser\CL.read.1.tlog
C:\Users\Chelus\Desktop\HM16.0_Algoritmo\build\vc10\Win32\Release\TAppDecoderAnalyser\CL.write.1.tlog
C:\Users\Chelus\Desktop\HM16.0_Algoritmo\build\vc10\Win32\Release\TAppDecoderAnalyser\decmain.obj
C:\Users\Chelus\Desktop\HM16.0_Algoritmo\build\vc10\Win32\Release\TAppDecoderAnalyser\link.command.1.tlog
C:\Users\Chelus\Desktop\HM16.0_Algoritmo\build\vc10\Win32\Release\TAppDecoderAnalyser\link.read.1.tlog
C:\Users\Chelus\Desktop\HM16.0_Algoritmo\build\vc10\Win32\Release\TAppDecoderAnalyser\link.write.1.tlog
C:\Users\Chelus\Desktop\HM16.0_Algoritmo\build\vc10\Win32\Release\TAppDecoderAnalyser\mt.command.1.tlog
C:\Users\Chelus\Desktop\HM16.0_Algoritmo\build\vc10\Win32\Release\TAppDecoderAnalyser\mt.read.1.tlog
C:\Users\Chelus\Desktop\HM16.0_Algoritmo\build\vc10\Win32\Release\TAppDecoderAnalyser\mt.write.1.tlog
C:\Users\Chelus\Desktop\HM16.0_Algoritmo\build\vc10\Win32\Release\TAppDecoderAnalyser\TAppDecCfg.obj
C:\Users\Chelus\Desktop\HM16.0_Algoritmo\build\vc10\Win32\Release\TAppDecoderAnalyser\TAppDecoderAnalyser.exe.intermediate.manifest
C:\Users\Chelus\Desktop\HM16.0_Algoritmo\build\vc10\Win32\Release\TAppDecoderAnalyser\TAppDecoderAnalyser.write.1.tlog
C:\Users\Chelus\Desktop\HM16.0_Algoritmo\build\vc10\Win32\Release\TAppDecoderAnalyser\TAppDecTop.obj
C:\Users\Chelus\Desktop\HM16.0_Algoritmo\build\vc10\Win32\Release\TAppDecoderAnalyser\vc100.pdb
