C:\USERS\CHELUS\DESKTOP\HM16.0_ALGORITMO\BIN\VC10\WIN32\DEBUG\TAPPDECODER.EXE
C:\USERS\CHELUS\DESKTOP\HM16.0_ALGORITMO\BIN\VC10\WIN32\DEBUG\TAPPDECODER.ILK
C:\USERS\CHELUS\DESKTOP\HM16.0_ALGORITMO\BIN\VC10\WIN32\DEBUG\TAPPDECODER.PDB
C:\Users\Chelus\Desktop\HM16.0_Algoritmo\build\\..\bin\vc10\Win32\Debug\TAppDecoder.exe
C:\Users\Chelus\Desktop\HM16.0_Algoritmo\build\\..\bin\vc10\Win32\Debug\TAppDecoder.ilk
C:\Users\Chelus\Desktop\HM16.0_Algoritmo\build\\..\bin\vc10\Win32\Debug\TAppDecoder.pdb
C:\Users\Chelus\Desktop\HM16.0_Algoritmo\build\vc10\Win32\Debug\TAppDecoder\cl.command.1.tlog
C:\Users\Chelus\Desktop\HM16.0_Algoritmo\build\vc10\Win32\Debug\TAppDecoder\CL.read.1.tlog
C:\Users\Chelus\Desktop\HM16.0_Algoritmo\build\vc10\Win32\Debug\TAppDecoder\CL.write.1.tlog
C:\USERS\CHELUS\DESKTOP\HM16.0_ALGORITMO\BUILD\VC10\WIN32\DEBUG\TAPPDECODER\DECMAIN.OBJ
C:\Users\Chelus\Desktop\HM16.0_Algoritmo\build\vc10\Win32\Debug\TAppDecoder\link.1052.read.1.tlog
C:\Users\Chelus\Desktop\HM16.0_Algoritmo\build\vc10\Win32\Debug\TAppDecoder\link.1052.write.1.tlog
C:\Users\Chelus\Desktop\HM16.0_Algoritmo\build\vc10\Win32\Debug\TAppDecoder\link.1052-cvtres.read.1.tlog
C:\Users\Chelus\Desktop\HM16.0_Algoritmo\build\vc10\Win32\Debug\TAppDecoder\link.1052-cvtres.write.1.tlog
C:\Users\Chelus\Desktop\HM16.0_Algoritmo\build\vc10\Win32\Debug\TAppDecoder\link.command.1.tlog
C:\Users\Chelus\Desktop\HM16.0_Algoritmo\build\vc10\Win32\Debug\TAppDecoder\link.read.1.tlog
C:\Users\Chelus\Desktop\HM16.0_Algoritmo\build\vc10\Win32\Debug\TAppDecoder\link.write.1.tlog
C:\Users\Chelus\Desktop\HM16.0_Algoritmo\build\vc10\Win32\Debug\TAppDecoder\link-cvtres.read.1.tlog
C:\Users\Chelus\Desktop\HM16.0_Algoritmo\build\vc10\Win32\Debug\TAppDecoder\link-cvtres.write.1.tlog
C:\Users\Chelus\Desktop\HM16.0_Algoritmo\build\vc10\Win32\Debug\TAppDecoder\mt.command.1.tlog
C:\Users\Chelus\Desktop\HM16.0_Algoritmo\build\vc10\Win32\Debug\TAppDecoder\mt.read.1.tlog
C:\Users\Chelus\Desktop\HM16.0_Algoritmo\build\vc10\Win32\Debug\TAppDecoder\mt.write.1.tlog
C:\Users\Chelus\Desktop\HM16.0_Algoritmo\build\vc10\Win32\Debug\TAppDecoder\rc.command.1.tlog
C:\Users\Chelus\Desktop\HM16.0_Algoritmo\build\vc10\Win32\Debug\TAppDecoder\rc.read.1.tlog
C:\Users\Chelus\Desktop\HM16.0_Algoritmo\build\vc10\Win32\Debug\TAppDecoder\rc.write.1.tlog
C:\USERS\CHELUS\DESKTOP\HM16.0_ALGORITMO\BUILD\VC10\WIN32\DEBUG\TAPPDECODER\TAPPDECCFG.OBJ
C:\USERS\CHELUS\DESKTOP\HM16.0_ALGORITMO\BUILD\VC10\WIN32\DEBUG\TAPPDECODER\TAPPDECODER.EXE.EMBED.MANIFEST
C:\USERS\CHELUS\DESKTOP\HM16.0_ALGORITMO\BUILD\VC10\WIN32\DEBUG\TAPPDECODER\TAPPDECODER.EXE.EMBED.MANIFEST.RES
C:\USERS\CHELUS\DESKTOP\HM16.0_ALGORITMO\BUILD\VC10\WIN32\DEBUG\TAPPDECODER\TAPPDECODER.EXE.INTERMEDIATE.MANIFEST
C:\Users\Chelus\Desktop\HM16.0_Algoritmo\build\vc10\Win32\Debug\TAppDecoder\TAppDecoder.write.1.tlog
C:\Users\Chelus\Desktop\HM16.0_Algoritmo\build\vc10\Win32\Debug\TAppDecoder\TAppDecoder_manifest.rc
C:\USERS\CHELUS\DESKTOP\HM16.0_ALGORITMO\BUILD\VC10\WIN32\DEBUG\TAPPDECODER\TAPPDECTOP.OBJ
C:\Users\Chelus\Desktop\HM16.0_Algoritmo\build\vc10\Win32\Debug\TAppDecoder\vc100.idb
C:\USERS\CHELUS\DESKTOP\HM16.0_ALGORITMO\BUILD\VC10\WIN32\DEBUG\TAPPDECODER\VC100.PDB
