C:\USERS\CHELUS\DESKTOP\HM16.0\BUILD\VC10\WIN32\RELEASE\TLIBDECODER\ANNEXBREAD.OBJ
C:\USERS\CHELUS\DESKTOP\HM16.0\BUILD\VC10\WIN32\RELEASE\TLIBDECODER\NALREAD.OBJ
C:\USERS\CHELUS\DESKTOP\HM16.0\BUILD\VC10\WIN32\RELEASE\TLIBDECODER\SEIREAD.OBJ
C:\USERS\CHELUS\DESKTOP\HM16.0\BUILD\VC10\WIN32\RELEASE\TLIBDECODER\SYNTAXELEMENTPARSER.OBJ
C:\USERS\CHELUS\DESKTOP\HM16.0\BUILD\VC10\WIN32\RELEASE\TLIBDECODER\TDECBINCODERCABAC.OBJ
C:\USERS\CHELUS\DESKTOP\HM16.0\BUILD\VC10\WIN32\RELEASE\TLIBDECODER\TDECCAVLC.OBJ
C:\USERS\CHELUS\DESKTOP\HM16.0\BUILD\VC10\WIN32\RELEASE\TLIBDECODER\TDECCU.OBJ
C:\USERS\CHELUS\DESKTOP\HM16.0\BUILD\VC10\WIN32\RELEASE\TLIBDECODER\TDECENTROPY.OBJ
C:\USERS\CHELUS\DESKTOP\HM16.0\BUILD\VC10\WIN32\RELEASE\TLIBDECODER\TDECGOP.OBJ
C:\USERS\CHELUS\DESKTOP\HM16.0\BUILD\VC10\WIN32\RELEASE\TLIBDECODER\TDECSBAC.OBJ
C:\USERS\CHELUS\DESKTOP\HM16.0\BUILD\VC10\WIN32\RELEASE\TLIBDECODER\TDECSLICE.OBJ
C:\USERS\CHELUS\DESKTOP\HM16.0\BUILD\VC10\WIN32\RELEASE\TLIBDECODER\TDECTOP.OBJ
C:\USERS\CHELUS\DESKTOP\HM16.0\BUILD\VC10\WIN32\RELEASE\TLIBDECODER\TLIBDECODER.LIB
C:\USERS\CHELUS\DESKTOP\HM16.0\BUILD\VC10\WIN32\RELEASE\TLIBDECODER\VC100.PDB
C:\Users\Chelus\Desktop\HM16.0_Algoritmo\build\\vc10\Win32\Release\TLibDecoder\TLibDecoder.lib
C:\Users\Chelus\Desktop\HM16.0_Algoritmo\build\vc10\Win32\Release\TLibDecoder\AnnexBread.obj
C:\Users\Chelus\Desktop\HM16.0_Algoritmo\build\vc10\Win32\Release\TLibDecoder\cl.command.1.tlog
C:\Users\Chelus\Desktop\HM16.0_Algoritmo\build\vc10\Win32\Release\TLibDecoder\CL.read.1.tlog
C:\Users\Chelus\Desktop\HM16.0_Algoritmo\build\vc10\Win32\Release\TLibDecoder\CL.write.1.tlog
C:\Users\Chelus\Desktop\HM16.0_Algoritmo\build\vc10\Win32\Release\TLibDecoder\lib.command.1.tlog
C:\Users\Chelus\Desktop\HM16.0_Algoritmo\build\vc10\Win32\Release\TLibDecoder\Lib-link.read.1.tlog
C:\Users\Chelus\Desktop\HM16.0_Algoritmo\build\vc10\Win32\Release\TLibDecoder\Lib-link.write.1.tlog
C:\Users\Chelus\Desktop\HM16.0_Algoritmo\build\vc10\Win32\Release\TLibDecoder\NALread.obj
C:\Users\Chelus\Desktop\HM16.0_Algoritmo\build\vc10\Win32\Release\TLibDecoder\SEIread.obj
C:\Users\Chelus\Desktop\HM16.0_Algoritmo\build\vc10\Win32\Release\TLibDecoder\SyntaxElementParser.obj
C:\Users\Chelus\Desktop\HM16.0_Algoritmo\build\vc10\Win32\Release\TLibDecoder\TDecBinCoderCABAC.obj
C:\Users\Chelus\Desktop\HM16.0_Algoritmo\build\vc10\Win32\Release\TLibDecoder\TDecCAVLC.obj
C:\Users\Chelus\Desktop\HM16.0_Algoritmo\build\vc10\Win32\Release\TLibDecoder\TDecCu.obj
C:\Users\Chelus\Desktop\HM16.0_Algoritmo\build\vc10\Win32\Release\TLibDecoder\TDecEntropy.obj
C:\Users\Chelus\Desktop\HM16.0_Algoritmo\build\vc10\Win32\Release\TLibDecoder\TDecGop.obj
C:\Users\Chelus\Desktop\HM16.0_Algoritmo\build\vc10\Win32\Release\TLibDecoder\TDecSbac.obj
C:\Users\Chelus\Desktop\HM16.0_Algoritmo\build\vc10\Win32\Release\TLibDecoder\TDecSlice.obj
C:\Users\Chelus\Desktop\HM16.0_Algoritmo\build\vc10\Win32\Release\TLibDecoder\TDecTop.obj
C:\Users\Chelus\Desktop\HM16.0_Algoritmo\build\vc10\Win32\Release\TLibDecoder\vc100.pdb
