Compilación iniciada a las 06/10/2015 9:58:35.
     1>Proyecto "C:\Users\Chelus\Desktop\HM16.0_Algoritmo\build\vc10\TAppEncoder_vc10.vcxproj" en el nodo 3 (build destinos).
     1>InitializeBuildStatus:
         Se creará "C:\Users\Chelus\Desktop\HM16.0_Algoritmo\build\\vc10\Win32\Debug\TAppEncoder\TAppEncoder.unsuccessfulbuild" porque se especificó "AlwaysCreate".
       ClCompile:
         Todas las salidas están actualizadas.
       ManifestResourceCompile:
         Todas las salidas están actualizadas.
       Link:
         c:\Program Files\Microsoft Visual Studio 10.0\VC\bin\link.exe /ERRORREPORT:PROMPT /OUT:"C:\Users\Chelus\Desktop\HM16.0_Algoritmo\build\\..\bin\vc10\Win32\Debug\TAppEncoder.exe" /INCREMENTAL /NOLOGO kernel32.lib user32.lib gdi32.lib winspool.lib comdlg32.lib advapi32.lib shell32.lib ole32.lib oleaut32.lib uuid.lib odbc32.lib odbccp32.lib /MANIFEST /ManifestFile:"C:\Users\Chelus\Desktop\HM16.0_Algoritmo\build\\vc10\Win32\Debug\TAppEncoder\TAppEncoder.exe.intermediate.manifest" /MANIFESTUAC:"level='asInvoker' uiAccess='false'" /DEBUG /PDB:"C:\Users\Chelus\Desktop\HM16.0_Algoritmo\bin\vc10\Win32\Debug\TAppEncoder.pdb" /SUBSYSTEM:CONSOLE /TLBID:1 /DYNAMICBASE /NXCOMPAT /IMPLIB:"C:\Users\Chelus\Desktop\HM16.0_Algoritmo\build\\..\bin\vc10\Win32\Debug\TAppEncoder.lib" /MACHINE:X86 C:\Users\Chelus\Desktop\HM16.0_Algoritmo\build\\vc10\Win32\Debug\TAppEncoder\TAppEncoder.exe.embed.manifest.res
         C:\Users\Chelus\Desktop\HM16.0_Algoritmo\build\\vc10\Win32\Debug\TAppEncoder\encmain.obj
         C:\Users\Chelus\Desktop\HM16.0_Algoritmo\build\\vc10\Win32\Debug\TAppEncoder\TAppEncCfg.obj
         C:\Users\Chelus\Desktop\HM16.0_Algoritmo\build\\vc10\Win32\Debug\TAppEncoder\TAppEncTop.obj
         C:\Users\Chelus\Desktop\HM16.0_Algoritmo\build\vc10\Win32\Debug\TAppCommon\TAppCommon.lib
         C:\Users\Chelus\Desktop\HM16.0_Algoritmo\build\vc10\Win32\Debug\TLibCommon\TLibCommon.lib
         C:\Users\Chelus\Desktop\HM16.0_Algoritmo\build\vc10\Win32\Debug\TLibEncoder\TLibEncoder.lib
         C:\Users\Chelus\Desktop\HM16.0_Algoritmo\build\vc10\Win32\Debug\TLibVideoIo\TLibVideoIO.lib
       Manifest:
         c:\Program Files\Microsoft SDKs\Windows\v7.0A\bin\mt.exe /nologo /verbose /out:"C:\Users\Chelus\Desktop\HM16.0_Algoritmo\build\\vc10\Win32\Debug\TAppEncoder\TAppEncoder.exe.embed.manifest" /manifest C:\Users\Chelus\Desktop\HM16.0_Algoritmo\build\\vc10\Win32\Debug\TAppEncoder\TAppEncoder.exe.intermediate.manifest
         Todas las salidas están actualizadas.
       LinkEmbedManifest:
         Todas las salidas están actualizadas.
         TAppEncoder_vc10.vcxproj -> C:\Users\Chelus\Desktop\HM16.0_Algoritmo\build\\..\bin\vc10\Win32\Debug\TAppEncoder.exe
       FinalizeBuildStatus:
         Se eliminará el archivo "C:\Users\Chelus\Desktop\HM16.0_Algoritmo\build\\vc10\Win32\Debug\TAppEncoder\TAppEncoder.unsuccessfulbuild".
         Aplicando tarea Touch a "C:\Users\Chelus\Desktop\HM16.0_Algoritmo\build\\vc10\Win32\Debug\TAppEncoder\TAppEncoder.lastbuildstate".
     1>Compilación del proyecto terminada "C:\Users\Chelus\Desktop\HM16.0_Algoritmo\build\vc10\TAppEncoder_vc10.vcxproj" (build destinos).

Compilación correcta.

Tiempo transcurrido 00:00:03.00
