C:\USERS\CHELUS\DESKTOP\HM16.0_ALGORITMO\BIN\VC10\WIN32\DEBUG\TAPPENCODER.EXE
C:\USERS\CHELUS\DESKTOP\HM16.0_ALGORITMO\BIN\VC10\WIN32\DEBUG\TAPPENCODER.ILK
C:\USERS\CHELUS\DESKTOP\HM16.0_ALGORITMO\BIN\VC10\WIN32\DEBUG\TAPPENCODER.PDB
C:\Users\Chelus\Desktop\HM16.0_Algoritmo\build\\..\bin\vc10\Win32\Debug\TAppEncoder.exe
C:\Users\Chelus\Desktop\HM16.0_Algoritmo\build\\..\bin\vc10\Win32\Debug\TAppEncoder.ilk
C:\Users\Chelus\Desktop\HM16.0_Algoritmo\build\\..\bin\vc10\Win32\Debug\TAppEncoder.pdb
C:\Users\Chelus\Desktop\HM16.0_Algoritmo\build\vc10\Win32\Debug\TAppEncoder\cl.command.1.tlog
C:\Users\Chelus\Desktop\HM16.0_Algoritmo\build\vc10\Win32\Debug\TAppEncoder\CL.read.1.tlog
C:\Users\Chelus\Desktop\HM16.0_Algoritmo\build\vc10\Win32\Debug\TAppEncoder\CL.write.1.tlog
C:\USERS\CHELUS\DESKTOP\HM16.0_ALGORITMO\BUILD\VC10\WIN32\DEBUG\TAPPENCODER\ENCMAIN.OBJ
C:\Users\Chelus\Desktop\HM16.0_Algoritmo\build\vc10\Win32\Debug\TAppEncoder\link.command.1.tlog
C:\Users\Chelus\Desktop\HM16.0_Algoritmo\build\vc10\Win32\Debug\TAppEncoder\link.read.1.tlog
C:\Users\Chelus\Desktop\HM16.0_Algoritmo\build\vc10\Win32\Debug\TAppEncoder\link.write.1.tlog
C:\Users\Chelus\Desktop\HM16.0_Algoritmo\build\vc10\Win32\Debug\TAppEncoder\link-cvtres.read.1.tlog
C:\Users\Chelus\Desktop\HM16.0_Algoritmo\build\vc10\Win32\Debug\TAppEncoder\link-cvtres.write.1.tlog
C:\Users\Chelus\Desktop\HM16.0_Algoritmo\build\vc10\Win32\Debug\TAppEncoder\mt.command.1.tlog
C:\Users\Chelus\Desktop\HM16.0_Algoritmo\build\vc10\Win32\Debug\TAppEncoder\mt.read.1.tlog
C:\Users\Chelus\Desktop\HM16.0_Algoritmo\build\vc10\Win32\Debug\TAppEncoder\mt.write.1.tlog
C:\Users\Chelus\Desktop\HM16.0_Algoritmo\build\vc10\Win32\Debug\TAppEncoder\rc.command.1.tlog
C:\Users\Chelus\Desktop\HM16.0_Algoritmo\build\vc10\Win32\Debug\TAppEncoder\rc.read.1.tlog
C:\Users\Chelus\Desktop\HM16.0_Algoritmo\build\vc10\Win32\Debug\TAppEncoder\rc.write.1.tlog
C:\USERS\CHELUS\DESKTOP\HM16.0_ALGORITMO\BUILD\VC10\WIN32\DEBUG\TAPPENCODER\TAPPENCCFG.OBJ
C:\USERS\CHELUS\DESKTOP\HM16.0_ALGORITMO\BUILD\VC10\WIN32\DEBUG\TAPPENCODER\TAPPENCODER.EXE.EMBED.MANIFEST
C:\USERS\CHELUS\DESKTOP\HM16.0_ALGORITMO\BUILD\VC10\WIN32\DEBUG\TAPPENCODER\TAPPENCODER.EXE.EMBED.MANIFEST.RES
C:\USERS\CHELUS\DESKTOP\HM16.0_ALGORITMO\BUILD\VC10\WIN32\DEBUG\TAPPENCODER\TAPPENCODER.EXE.INTERMEDIATE.MANIFEST
C:\Users\Chelus\Desktop\HM16.0_Algoritmo\build\vc10\Win32\Debug\TAppEncoder\TAppEncoder.write.1.tlog
C:\Users\Chelus\Desktop\HM16.0_Algoritmo\build\vc10\Win32\Debug\TAppEncoder\TAppEncoder_manifest.rc
C:\USERS\CHELUS\DESKTOP\HM16.0_ALGORITMO\BUILD\VC10\WIN32\DEBUG\TAPPENCODER\TAPPENCTOP.OBJ
C:\Users\Chelus\Desktop\HM16.0_Algoritmo\build\vc10\Win32\Debug\TAppEncoder\vc100.idb
C:\USERS\CHELUS\DESKTOP\HM16.0_ALGORITMO\BUILD\VC10\WIN32\DEBUG\TAPPENCODER\VC100.PDB
