C:\USERS\CHELUS\DESKTOP\HM16.0\BIN\VC10\WIN32\RELEASE\TAPPDECODER.EXE
C:\USERS\CHELUS\DESKTOP\HM16.0\BIN\VC10\WIN32\RELEASE\TAPPDECODER.PDB
C:\USERS\CHELUS\DESKTOP\HM16.0\BUILD\VC10\WIN32\RELEASE\TAPPDECODER\DECMAIN.OBJ
C:\USERS\CHELUS\DESKTOP\HM16.0\BUILD\VC10\WIN32\RELEASE\TAPPDECODER\TAPPDECCFG.OBJ
C:\USERS\CHELUS\DESKTOP\HM16.0\BUILD\VC10\WIN32\RELEASE\TAPPDECODER\TAPPDECODER.EXE.INTERMEDIATE.MANIFEST
C:\USERS\CHELUS\DESKTOP\HM16.0\BUILD\VC10\WIN32\RELEASE\TAPPDECODER\TAPPDECTOP.OBJ
C:\USERS\CHELUS\DESKTOP\HM16.0\BUILD\VC10\WIN32\RELEASE\TAPPDECODER\VC100.PDB
C:\Users\Chelus\Desktop\HM16.0_Algoritmo\build\\..\bin\vc10\Win32\Release\TAppDecoder.exe
C:\Users\Chelus\Desktop\HM16.0_Algoritmo\build\\..\bin\vc10\Win32\Release\TAppDecoder.pdb
C:\Users\Chelus\Desktop\HM16.0_Algoritmo\build\vc10\Win32\Release\TAppDecoder\cl.command.1.tlog
C:\Users\Chelus\Desktop\HM16.0_Algoritmo\build\vc10\Win32\Release\TAppDecoder\CL.read.1.tlog
C:\Users\Chelus\Desktop\HM16.0_Algoritmo\build\vc10\Win32\Release\TAppDecoder\CL.write.1.tlog
C:\Users\Chelus\Desktop\HM16.0_Algoritmo\build\vc10\Win32\Release\TAppDecoder\decmain.obj
C:\Users\Chelus\Desktop\HM16.0_Algoritmo\build\vc10\Win32\Release\TAppDecoder\link.command.1.tlog
C:\Users\Chelus\Desktop\HM16.0_Algoritmo\build\vc10\Win32\Release\TAppDecoder\link.read.1.tlog
C:\Users\Chelus\Desktop\HM16.0_Algoritmo\build\vc10\Win32\Release\TAppDecoder\link.write.1.tlog
C:\Users\Chelus\Desktop\HM16.0_Algoritmo\build\vc10\Win32\Release\TAppDecoder\mt.command.1.tlog
C:\Users\Chelus\Desktop\HM16.0_Algoritmo\build\vc10\Win32\Release\TAppDecoder\mt.read.1.tlog
C:\Users\Chelus\Desktop\HM16.0_Algoritmo\build\vc10\Win32\Release\TAppDecoder\mt.write.1.tlog
C:\Users\Chelus\Desktop\HM16.0_Algoritmo\build\vc10\Win32\Release\TAppDecoder\TAppDecCfg.obj
C:\Users\Chelus\Desktop\HM16.0_Algoritmo\build\vc10\Win32\Release\TAppDecoder\TAppDecoder.exe.intermediate.manifest
C:\Users\Chelus\Desktop\HM16.0_Algoritmo\build\vc10\Win32\Release\TAppDecoder\TAppDecoder.write.1.tlog
C:\Users\Chelus\Desktop\HM16.0_Algoritmo\build\vc10\Win32\Release\TAppDecoder\TAppDecTop.obj
C:\Users\Chelus\Desktop\HM16.0_Algoritmo\build\vc10\Win32\Release\TAppDecoder\vc100.pdb
