C:\Users\Chelus\Desktop\HM16.0_Algoritmo\build\\vc10\Win32\Debug\TLibDecoder\TLibDecoder.lib
C:\USERS\CHELUS\DESKTOP\HM16.0_ALGORITMO\BUILD\VC10\WIN32\DEBUG\TLIBDECODER\ANNEXBREAD.OBJ
C:\Users\Chelus\Desktop\HM16.0_Algoritmo\build\vc10\Win32\Debug\TLibDecoder\cl.command.1.tlog
C:\Users\Chelus\Desktop\HM16.0_Algoritmo\build\vc10\Win32\Debug\TLibDecoder\CL.read.1.tlog
C:\Users\Chelus\Desktop\HM16.0_Algoritmo\build\vc10\Win32\Debug\TLibDecoder\CL.write.1.tlog
C:\Users\Chelus\Desktop\HM16.0_Algoritmo\build\vc10\Win32\Debug\TLibDecoder\lib.command.1.tlog
C:\Users\Chelus\Desktop\HM16.0_Algoritmo\build\vc10\Win32\Debug\TLibDecoder\Lib-link.read.1.tlog
C:\Users\Chelus\Desktop\HM16.0_Algoritmo\build\vc10\Win32\Debug\TLibDecoder\Lib-link.write.1.tlog
C:\USERS\CHELUS\DESKTOP\HM16.0_ALGORITMO\BUILD\VC10\WIN32\DEBUG\TLIBDECODER\NALREAD.OBJ
C:\USERS\CHELUS\DESKTOP\HM16.0_ALGORITMO\BUILD\VC10\WIN32\DEBUG\TLIBDECODER\SEIREAD.OBJ
C:\USERS\CHELUS\DESKTOP\HM16.0_ALGORITMO\BUILD\VC10\WIN32\DEBUG\TLIBDECODER\SYNTAXELEMENTPARSER.OBJ
C:\USERS\CHELUS\DESKTOP\HM16.0_ALGORITMO\BUILD\VC10\WIN32\DEBUG\TLIBDECODER\TDECBINCODERCABAC.OBJ
C:\USERS\CHELUS\DESKTOP\HM16.0_ALGORITMO\BUILD\VC10\WIN32\DEBUG\TLIBDECODER\TDECCAVLC.OBJ
C:\USERS\CHELUS\DESKTOP\HM16.0_ALGORITMO\BUILD\VC10\WIN32\DEBUG\TLIBDECODER\TDECCU.OBJ
C:\USERS\CHELUS\DESKTOP\HM16.0_ALGORITMO\BUILD\VC10\WIN32\DEBUG\TLIBDECODER\TDECENTROPY.OBJ
C:\USERS\CHELUS\DESKTOP\HM16.0_ALGORITMO\BUILD\VC10\WIN32\DEBUG\TLIBDECODER\TDECGOP.OBJ
C:\USERS\CHELUS\DESKTOP\HM16.0_ALGORITMO\BUILD\VC10\WIN32\DEBUG\TLIBDECODER\TDECSBAC.OBJ
C:\USERS\CHELUS\DESKTOP\HM16.0_ALGORITMO\BUILD\VC10\WIN32\DEBUG\TLIBDECODER\TDECSLICE.OBJ
C:\USERS\CHELUS\DESKTOP\HM16.0_ALGORITMO\BUILD\VC10\WIN32\DEBUG\TLIBDECODER\TDECTOP.OBJ
C:\USERS\CHELUS\DESKTOP\HM16.0_ALGORITMO\BUILD\VC10\WIN32\DEBUG\TLIBDECODER\TLIBDECODER.LIB
C:\Users\Chelus\Desktop\HM16.0_Algoritmo\build\vc10\Win32\Debug\TLibDecoder\vc100.idb
C:\USERS\CHELUS\DESKTOP\HM16.0_ALGORITMO\BUILD\VC10\WIN32\DEBUG\TLIBDECODER\VC100.PDB
