C:\USERS\CHELUS\DESKTOP\HM16.0\BUILD\VC10\WIN32\RELEASE\TLIBCOMMON\CONTEXTMODEL.OBJ
C:\USERS\CHELUS\DESKTOP\HM16.0\BUILD\VC10\WIN32\RELEASE\TLIBCOMMON\CONTEXTMODEL3DBUFFER.OBJ
C:\USERS\CHELUS\DESKTOP\HM16.0\BUILD\VC10\WIN32\RELEASE\TLIBCOMMON\DEBUG.OBJ
C:\USERS\CHELUS\DESKTOP\HM16.0\BUILD\VC10\WIN32\RELEASE\TLIBCOMMON\LIBMD5.OBJ
C:\USERS\CHELUS\DESKTOP\HM16.0\BUILD\VC10\WIN32\RELEASE\TLIBCOMMON\SEI.OBJ
C:\USERS\CHELUS\DESKTOP\HM16.0\BUILD\VC10\WIN32\RELEASE\TLIBCOMMON\TCOMBITSTREAM.OBJ
C:\USERS\CHELUS\DESKTOP\HM16.0\BUILD\VC10\WIN32\RELEASE\TLIBCOMMON\TCOMCABACTABLES.OBJ
C:\USERS\CHELUS\DESKTOP\HM16.0\BUILD\VC10\WIN32\RELEASE\TLIBCOMMON\TCOMCHROMAFORMAT.OBJ
C:\USERS\CHELUS\DESKTOP\HM16.0\BUILD\VC10\WIN32\RELEASE\TLIBCOMMON\TCOMDATACU.OBJ
C:\USERS\CHELUS\DESKTOP\HM16.0\BUILD\VC10\WIN32\RELEASE\TLIBCOMMON\TCOMINTERPOLATIONFILTER.OBJ
C:\USERS\CHELUS\DESKTOP\HM16.0\BUILD\VC10\WIN32\RELEASE\TLIBCOMMON\TCOMLOOPFILTER.OBJ
C:\USERS\CHELUS\DESKTOP\HM16.0\BUILD\VC10\WIN32\RELEASE\TLIBCOMMON\TCOMMOTIONINFO.OBJ
C:\USERS\CHELUS\DESKTOP\HM16.0\BUILD\VC10\WIN32\RELEASE\TLIBCOMMON\TCOMPATTERN.OBJ
C:\USERS\CHELUS\DESKTOP\HM16.0\BUILD\VC10\WIN32\RELEASE\TLIBCOMMON\TCOMPIC.OBJ
C:\USERS\CHELUS\DESKTOP\HM16.0\BUILD\VC10\WIN32\RELEASE\TLIBCOMMON\TCOMPICSYM.OBJ
C:\USERS\CHELUS\DESKTOP\HM16.0\BUILD\VC10\WIN32\RELEASE\TLIBCOMMON\TCOMPICYUV.OBJ
C:\USERS\CHELUS\DESKTOP\HM16.0\BUILD\VC10\WIN32\RELEASE\TLIBCOMMON\TCOMPICYUVMD5.OBJ
C:\USERS\CHELUS\DESKTOP\HM16.0\BUILD\VC10\WIN32\RELEASE\TLIBCOMMON\TCOMPREDICTION.OBJ
C:\USERS\CHELUS\DESKTOP\HM16.0\BUILD\VC10\WIN32\RELEASE\TLIBCOMMON\TCOMRDCOST.OBJ
C:\USERS\CHELUS\DESKTOP\HM16.0\BUILD\VC10\WIN32\RELEASE\TLIBCOMMON\TCOMRDCOSTWEIGHTPREDICTION.OBJ
C:\USERS\CHELUS\DESKTOP\HM16.0\BUILD\VC10\WIN32\RELEASE\TLIBCOMMON\TCOMROM.OBJ
C:\USERS\CHELUS\DESKTOP\HM16.0\BUILD\VC10\WIN32\RELEASE\TLIBCOMMON\TCOMSAMPLEADAPTIVEOFFSET.OBJ
C:\USERS\CHELUS\DESKTOP\HM16.0\BUILD\VC10\WIN32\RELEASE\TLIBCOMMON\TCOMSLICE.OBJ
C:\USERS\CHELUS\DESKTOP\HM16.0\BUILD\VC10\WIN32\RELEASE\TLIBCOMMON\TCOMTRQUANT.OBJ
C:\USERS\CHELUS\DESKTOP\HM16.0\BUILD\VC10\WIN32\RELEASE\TLIBCOMMON\TCOMTU.OBJ
C:\USERS\CHELUS\DESKTOP\HM16.0\BUILD\VC10\WIN32\RELEASE\TLIBCOMMON\TCOMWEIGHTPREDICTION.OBJ
C:\USERS\CHELUS\DESKTOP\HM16.0\BUILD\VC10\WIN32\RELEASE\TLIBCOMMON\TCOMYUV.OBJ
C:\USERS\CHELUS\DESKTOP\HM16.0\BUILD\VC10\WIN32\RELEASE\TLIBCOMMON\TLIBCOMMON.LIB
C:\USERS\CHELUS\DESKTOP\HM16.0\BUILD\VC10\WIN32\RELEASE\TLIBCOMMON\VC100.PDB
C:\Users\Chelus\Desktop\HM16.0_Algoritmo\build\\vc10\Win32\Release\TLibCommon\TLibCommon.lib
C:\Users\Chelus\Desktop\HM16.0_Algoritmo\build\vc10\Win32\Release\TLibCommon\cl.command.1.tlog
C:\Users\Chelus\Desktop\HM16.0_Algoritmo\build\vc10\Win32\Release\TLibCommon\CL.read.1.tlog
C:\Users\Chelus\Desktop\HM16.0_Algoritmo\build\vc10\Win32\Release\TLibCommon\CL.write.1.tlog
C:\USERS\CHELUS\DESKTOP\HM16.0_ALGORITMO\BUILD\VC10\WIN32\RELEASE\TLIBCOMMON\CONTEXTMODEL.OBJ
C:\USERS\CHELUS\DESKTOP\HM16.0_ALGORITMO\BUILD\VC10\WIN32\RELEASE\TLIBCOMMON\CONTEXTMODEL3DBUFFER.OBJ
C:\USERS\CHELUS\DESKTOP\HM16.0_ALGORITMO\BUILD\VC10\WIN32\RELEASE\TLIBCOMMON\DEBUG.OBJ
C:\Users\Chelus\Desktop\HM16.0_Algoritmo\build\vc10\Win32\Release\TLibCommon\lib.command.1.tlog
C:\Users\Chelus\Desktop\HM16.0_Algoritmo\build\vc10\Win32\Release\TLibCommon\Lib-link.read.1.tlog
C:\Users\Chelus\Desktop\HM16.0_Algoritmo\build\vc10\Win32\Release\TLibCommon\Lib-link.write.1.tlog
C:\USERS\CHELUS\DESKTOP\HM16.0_ALGORITMO\BUILD\VC10\WIN32\RELEASE\TLIBCOMMON\LIBMD5.OBJ
C:\USERS\CHELUS\DESKTOP\HM16.0_ALGORITMO\BUILD\VC10\WIN32\RELEASE\TLIBCOMMON\SEI.OBJ
C:\USERS\CHELUS\DESKTOP\HM16.0_ALGORITMO\BUILD\VC10\WIN32\RELEASE\TLIBCOMMON\TCOMBITSTREAM.OBJ
C:\USERS\CHELUS\DESKTOP\HM16.0_ALGORITMO\BUILD\VC10\WIN32\RELEASE\TLIBCOMMON\TCOMCABACTABLES.OBJ
C:\USERS\CHELUS\DESKTOP\HM16.0_ALGORITMO\BUILD\VC10\WIN32\RELEASE\TLIBCOMMON\TCOMCHROMAFORMAT.OBJ
C:\USERS\CHELUS\DESKTOP\HM16.0_ALGORITMO\BUILD\VC10\WIN32\RELEASE\TLIBCOMMON\TCOMDATACU.OBJ
C:\USERS\CHELUS\DESKTOP\HM16.0_ALGORITMO\BUILD\VC10\WIN32\RELEASE\TLIBCOMMON\TCOMINTERPOLATIONFILTER.OBJ
C:\USERS\CHELUS\DESKTOP\HM16.0_ALGORITMO\BUILD\VC10\WIN32\RELEASE\TLIBCOMMON\TCOMLOOPFILTER.OBJ
C:\USERS\CHELUS\DESKTOP\HM16.0_ALGORITMO\BUILD\VC10\WIN32\RELEASE\TLIBCOMMON\TCOMMOTIONINFO.OBJ
C:\USERS\CHELUS\DESKTOP\HM16.0_ALGORITMO\BUILD\VC10\WIN32\RELEASE\TLIBCOMMON\TCOMPATTERN.OBJ
C:\USERS\CHELUS\DESKTOP\HM16.0_ALGORITMO\BUILD\VC10\WIN32\RELEASE\TLIBCOMMON\TCOMPIC.OBJ
C:\USERS\CHELUS\DESKTOP\HM16.0_ALGORITMO\BUILD\VC10\WIN32\RELEASE\TLIBCOMMON\TCOMPICSYM.OBJ
C:\USERS\CHELUS\DESKTOP\HM16.0_ALGORITMO\BUILD\VC10\WIN32\RELEASE\TLIBCOMMON\TCOMPICYUV.OBJ
C:\USERS\CHELUS\DESKTOP\HM16.0_ALGORITMO\BUILD\VC10\WIN32\RELEASE\TLIBCOMMON\TCOMPICYUVMD5.OBJ
C:\USERS\CHELUS\DESKTOP\HM16.0_ALGORITMO\BUILD\VC10\WIN32\RELEASE\TLIBCOMMON\TCOMPREDICTION.OBJ
C:\USERS\CHELUS\DESKTOP\HM16.0_ALGORITMO\BUILD\VC10\WIN32\RELEASE\TLIBCOMMON\TCOMRDCOST.OBJ
C:\USERS\CHELUS\DESKTOP\HM16.0_ALGORITMO\BUILD\VC10\WIN32\RELEASE\TLIBCOMMON\TCOMRDCOSTWEIGHTPREDICTION.OBJ
C:\USERS\CHELUS\DESKTOP\HM16.0_ALGORITMO\BUILD\VC10\WIN32\RELEASE\TLIBCOMMON\TCOMROM.OBJ
C:\USERS\CHELUS\DESKTOP\HM16.0_ALGORITMO\BUILD\VC10\WIN32\RELEASE\TLIBCOMMON\TCOMSAMPLEADAPTIVEOFFSET.OBJ
C:\USERS\CHELUS\DESKTOP\HM16.0_ALGORITMO\BUILD\VC10\WIN32\RELEASE\TLIBCOMMON\TCOMSLICE.OBJ
C:\USERS\CHELUS\DESKTOP\HM16.0_ALGORITMO\BUILD\VC10\WIN32\RELEASE\TLIBCOMMON\TCOMTRQUANT.OBJ
C:\USERS\CHELUS\DESKTOP\HM16.0_ALGORITMO\BUILD\VC10\WIN32\RELEASE\TLIBCOMMON\TCOMTU.OBJ
C:\USERS\CHELUS\DESKTOP\HM16.0_ALGORITMO\BUILD\VC10\WIN32\RELEASE\TLIBCOMMON\TCOMWEIGHTPREDICTION.OBJ
C:\USERS\CHELUS\DESKTOP\HM16.0_ALGORITMO\BUILD\VC10\WIN32\RELEASE\TLIBCOMMON\TCOMYUV.OBJ
C:\USERS\CHELUS\DESKTOP\HM16.0_ALGORITMO\BUILD\VC10\WIN32\RELEASE\TLIBCOMMON\TLIBCOMMON.LIB
C:\USERS\CHELUS\DESKTOP\HM16.0_ALGORITMO\BUILD\VC10\WIN32\RELEASE\TLIBCOMMON\VC100.PDB
