C:\Users\Chelus\Desktop\HM16.0_Algoritmo\build\\vc10\Win32\Debug\TLibEncoder\TLibEncoder.lib
C:\Users\Chelus\Desktop\HM16.0_Algoritmo\build\vc10\Win32\Debug\TLibEncoder\cl.command.1.tlog
C:\Users\Chelus\Desktop\HM16.0_Algoritmo\build\vc10\Win32\Debug\TLibEncoder\CL.read.1.tlog
C:\Users\Chelus\Desktop\HM16.0_Algoritmo\build\vc10\Win32\Debug\TLibEncoder\CL.write.1.tlog
C:\Users\Chelus\Desktop\HM16.0_Algoritmo\build\vc10\Win32\Debug\TLibEncoder\lib.command.1.tlog
C:\Users\Chelus\Desktop\HM16.0_Algoritmo\build\vc10\Win32\Debug\TLibEncoder\Lib-link.read.1.tlog
C:\Users\Chelus\Desktop\HM16.0_Algoritmo\build\vc10\Win32\Debug\TLibEncoder\Lib-link.write.1.tlog
C:\USERS\CHELUS\DESKTOP\HM16.0_ALGORITMO\BUILD\VC10\WIN32\DEBUG\TLIBENCODER\NALWRITE.OBJ
C:\USERS\CHELUS\DESKTOP\HM16.0_ALGORITMO\BUILD\VC10\WIN32\DEBUG\TLIBENCODER\SEIWRITE.OBJ
C:\USERS\CHELUS\DESKTOP\HM16.0_ALGORITMO\BUILD\VC10\WIN32\DEBUG\TLIBENCODER\SYNTAXELEMENTWRITER.OBJ
C:\USERS\CHELUS\DESKTOP\HM16.0_ALGORITMO\BUILD\VC10\WIN32\DEBUG\TLIBENCODER\TENCANALYZE.OBJ
C:\USERS\CHELUS\DESKTOP\HM16.0_ALGORITMO\BUILD\VC10\WIN32\DEBUG\TLIBENCODER\TENCBINCODERCABAC.OBJ
C:\USERS\CHELUS\DESKTOP\HM16.0_ALGORITMO\BUILD\VC10\WIN32\DEBUG\TLIBENCODER\TENCBINCODERCABACCOUNTER.OBJ
C:\USERS\CHELUS\DESKTOP\HM16.0_ALGORITMO\BUILD\VC10\WIN32\DEBUG\TLIBENCODER\TENCCAVLC.OBJ
C:\USERS\CHELUS\DESKTOP\HM16.0_ALGORITMO\BUILD\VC10\WIN32\DEBUG\TLIBENCODER\TENCCU.OBJ
C:\USERS\CHELUS\DESKTOP\HM16.0_ALGORITMO\BUILD\VC10\WIN32\DEBUG\TLIBENCODER\TENCENTROPY.OBJ
C:\USERS\CHELUS\DESKTOP\HM16.0_ALGORITMO\BUILD\VC10\WIN32\DEBUG\TLIBENCODER\TENCGOP.OBJ
C:\USERS\CHELUS\DESKTOP\HM16.0_ALGORITMO\BUILD\VC10\WIN32\DEBUG\TLIBENCODER\TENCPIC.OBJ
C:\USERS\CHELUS\DESKTOP\HM16.0_ALGORITMO\BUILD\VC10\WIN32\DEBUG\TLIBENCODER\TENCPREANALYZER.OBJ
C:\USERS\CHELUS\DESKTOP\HM16.0_ALGORITMO\BUILD\VC10\WIN32\DEBUG\TLIBENCODER\TENCRATECTRL.OBJ
C:\USERS\CHELUS\DESKTOP\HM16.0_ALGORITMO\BUILD\VC10\WIN32\DEBUG\TLIBENCODER\TENCSAMPLEADAPTIVEOFFSET.OBJ
C:\USERS\CHELUS\DESKTOP\HM16.0_ALGORITMO\BUILD\VC10\WIN32\DEBUG\TLIBENCODER\TENCSBAC.OBJ
C:\USERS\CHELUS\DESKTOP\HM16.0_ALGORITMO\BUILD\VC10\WIN32\DEBUG\TLIBENCODER\TENCSEARCH.OBJ
C:\USERS\CHELUS\DESKTOP\HM16.0_ALGORITMO\BUILD\VC10\WIN32\DEBUG\TLIBENCODER\TENCSLICE.OBJ
C:\USERS\CHELUS\DESKTOP\HM16.0_ALGORITMO\BUILD\VC10\WIN32\DEBUG\TLIBENCODER\TENCTOP.OBJ
C:\USERS\CHELUS\DESKTOP\HM16.0_ALGORITMO\BUILD\VC10\WIN32\DEBUG\TLIBENCODER\TLIBENCODER.LIB
C:\Users\Chelus\Desktop\HM16.0_Algoritmo\build\vc10\Win32\Debug\TLibEncoder\vc100.idb
C:\USERS\CHELUS\DESKTOP\HM16.0_ALGORITMO\BUILD\VC10\WIN32\DEBUG\TLIBENCODER\VC100.PDB
C:\USERS\CHELUS\DESKTOP\HM16.0_ALGORITMO\BUILD\VC10\WIN32\DEBUG\TLIBENCODER\WEIGHTPREDANALYSIS.OBJ
